2024-12-19 17:19:17.615 MSK [18336] СООБЩЕНИЕ:  работа системы БД была прервана; последний момент работы: 2024-12-18 21:01:40 MSK
2024-12-19 17:19:17.948 MSK [18336] СООБЩЕНИЕ:  система БД была остановлена нештатно; производится автоматическое восстановление
2024-12-19 17:19:17.950 MSK [18336] СООБЩЕНИЕ:  неверная длина записи в позиции 0/1A65858: ожидалось минимум 24, получено 0
2024-12-19 17:19:17.951 MSK [18336] СООБЩЕНИЕ:  данные REDO не требуются
2024-12-19 17:19:17.954 MSK [12648] СООБЩЕНИЕ:  начата контрольная точка: end-of-recovery immediate wait
2024-12-19 17:19:17.961 MSK [12648] СООБЩЕНИЕ:  контрольная точка завершена: записано буферов: 3 (0.0%); добавлено файлов WAL 0, удалено: 0, переработано: 0; запись=0.002 сек., синхр.=0.002 сек., всего=0.009 сек.; синхронизировано_файлов=2, самая_долгая_синхр.=0.001 сек., средняя=0.001 сек.; расстояние=0 kB, ожидалось=0 kB; lsn=0/1A65858, lsn redo=0/1A65858
2024-12-19 17:22:10.753 MSK [12252] ВАЖНО:  пользователь "postgres" не прошёл проверку подлинности (по паролю)
2024-12-19 17:22:10.753 MSK [12252] ПОДРОБНОСТИ:  Подключение соответствует строке 117 в "C:/Program Files/PostgreSQL/17/data/pg_hba.conf": "host    all             all             ::1/128                 scram-sha-256"
2024-12-19 17:26:33.610 MSK [672] РћРЁРР‘РљРђ:  РѕС€РёР±РєР° СЃРёРЅС‚Р°РєСЃРёСЃР° (РїСЂРёРјРµСЂРЅРѕРµ РїРѕР»РѕР¶РµРЅРёРµ: ";") (СЃРёРјРІРѕР» 14)
2024-12-19 17:26:33.610 MSK [672] РћРџР•Р РђРўРћР :  DROP DATABASE;
2024-12-19 17:26:41.057 MSK [672] РћРЁРР‘РљРђ:  РѕС€РёР±РєР° СЃРёРЅС‚Р°РєСЃРёСЃР° РІ РєРѕРЅС†Рµ (СЃРёРјРІРѕР» 14)
2024-12-19 17:26:41.057 MSK [672] РћРџР•Р РђРўРћР :  DROP DATABASE
2024-12-19 17:27:06.792 MSK [672] РћРЁРР‘РљРђ:  СѓРґР°Р»РёС‚СЊ Р±Р°Р·Сѓ РґР°РЅРЅС‹С…, РѕС‚РєСЂС‹С‚СѓСЋ РІ РґР°РЅРЅС‹Р№ РјРѕРјРµРЅС‚, РЅРµР»СЊР·СЏ
2024-12-19 17:27:06.792 MSK [672] РћРџР•Р РђРўРћР :  DROP DATABASE board_games_rental_store;
	
2024-12-19 17:28:01.886 MSK [13612] РћРЁРР‘РљРђ:  Р±Р°Р·Р° РґР°РЅРЅС‹С… "board_games_rental_store" Р·Р°РЅСЏС‚Р° РґСЂСѓРіРёРјРё РїРѕР»СЊР·РѕРІР°С‚РµР»СЏРјРё
2024-12-19 17:28:01.886 MSK [13612] РџРћР”Р РћР‘РќРћРЎРўР:  Р­С‚Р° Р±Р°Р·Р° РґР°РЅРЅС‹С… РёСЃРїРѕР»СЊР·СѓРµС‚СЃСЏ РµС‰С‘ РІ 2 СЃРµР°РЅСЃР°С….
2024-12-19 17:28:01.886 MSK [13612] РћРџР•Р РђРўРћР :  DROP DATABASE board_games_rental_store;
2024-12-19 17:28:09.958 MSK [16564] РЎРћРћР‘Р©Р•РќРР•:  РЅРµ СѓРґР°Р»РѕСЃСЊ РїРѕР»СѓС‡РёС‚СЊ РґР°РЅРЅС‹Рµ РѕС‚ РєР»РёРµРЅС‚Р°: An existing connection was forcibly closed by the remote host.
	
2024-12-19 17:28:51.988 MSK [16536] РЎРћРћР‘Р©Р•РќРР•:  РЅРµ СѓРґР°Р»РѕСЃСЊ РїРѕР»СѓС‡РёС‚СЊ РґР°РЅРЅС‹Рµ РѕС‚ РєР»РёРµРЅС‚Р°: An existing connection was forcibly closed by the remote host.
	
2024-12-19 17:28:51.988 MSK [13612] РЎРћРћР‘Р©Р•РќРР•:  РЅРµ СѓРґР°Р»РѕСЃСЊ РїРѕР»СѓС‡РёС‚СЊ РґР°РЅРЅС‹Рµ РѕС‚ РєР»РёРµРЅС‚Р°: An existing connection was forcibly closed by the remote host.
	
2024-12-19 17:28:51.990 MSK [9052] РЎРћРћР‘Р©Р•РќРР•:  РЅРµ СѓРґР°Р»РѕСЃСЊ РїРѕР»СѓС‡РёС‚СЊ РґР°РЅРЅС‹Рµ РѕС‚ РєР»РёРµРЅС‚Р°: An existing connection was forcibly closed by the remote host.
	
2024-12-19 17:28:51.990 MSK [672] РЎРћРћР‘Р©Р•РќРР•:  РЅРµ СѓРґР°Р»РѕСЃСЊ РїРѕР»СѓС‡РёС‚СЊ РґР°РЅРЅС‹Рµ РѕС‚ РєР»РёРµРЅС‚Р°: An existing connection was forcibly closed by the remote host.
	
2024-12-19 17:30:56.692 MSK [12648] СООБЩЕНИЕ:  начата контрольная точка: immediate force wait
2024-12-19 17:30:56.699 MSK [12648] СООБЩЕНИЕ:  контрольная точка завершена: записано буферов: 1 (0.0%); добавлено файлов WAL 0, удалено: 0, переработано: 0; запись=0.002 сек., синхр.=0.001 сек., всего=0.007 сек.; синхронизировано_файлов=1, самая_долгая_синхр.=0.001 сек., средняя=0.001 сек.; расстояние=1 kB, ожидалось=1 kB; lsn=0/1A65D10, lsn redo=0/1A65CB8
2024-12-19 17:35:56.714 MSK [12648] СООБЩЕНИЕ:  начата контрольная точка: time
2024-12-19 17:37:43.866 MSK [12648] СООБЩЕНИЕ:  контрольная точка завершена: записано буферов: 995 (6.1%); добавлено файлов WAL 1, удалено: 0, переработано: 0; запись=106.990 сек., синхр.=0.126 сек., всего=107.153 сек.; синхронизировано_файлов=322, самая_долгая_синхр.=0.003 сек., средняя=0.001 сек.; расстояние=4671 kB, ожидалось=4671 kB; lsn=0/1EF5AA0, lsn redo=0/1EF5A10
2024-12-19 17:38:05.244 MSK [21744] РћРЁРР‘РљРђ:  РѕС€РёР±РєР° СЃРёРЅС‚Р°РєСЃРёСЃР° (РїСЂРёРјРµСЂРЅРѕРµ РїРѕР»РѕР¶РµРЅРёРµ: "chcp") (СЃРёРјРІРѕР» 1)
2024-12-19 17:38:05.244 MSK [21744] РћРџР•Р РђРўРћР :  chcp 1251
	chcp 1251;
2024-12-19 17:39:26.152 MSK [20960] ВАЖНО:  пользователь "Anton" не прошёл проверку подлинности (по паролю)
2024-12-19 17:39:26.152 MSK [20960] ПОДРОБНОСТИ:  Роль "Anton" не существует.
	Подключение соответствует строке 117 в "C:/Program Files/PostgreSQL/17/data/pg_hba.conf": "host    all             all             ::1/128                 scram-sha-256"
2024-12-19 17:47:32.676 MSK [22368] РћРЁРР‘РљРђ:  РѕС€РёР±РєР° СЃРёРЅС‚Р°РєСЃРёСЃР° (РїСЂРёРјРµСЂРЅРѕРµ РїРѕР»РѕР¶РµРЅРёРµ: "chcp") (СЃРёРјРІРѕР» 1)
2024-12-19 17:47:32.676 MSK [22368] РћРџР•Р РђРўРћР :  chcp 1251
	chcp
	SHOW client_encoding;
2024-12-19 17:50:56.886 MSK [12648] СООБЩЕНИЕ:  начата контрольная точка: time
2024-12-19 17:50:57.752 MSK [12648] СООБЩЕНИЕ:  контрольная точка завершена: записано буферов: 9 (0.1%); добавлено файлов WAL 0, удалено: 0, переработано: 0; запись=0.855 сек., синхр.=0.005 сек., всего=0.867 сек.; синхронизировано_файлов=7, самая_долгая_синхр.=0.002 сек., средняя=0.001 сек.; расстояние=2 kB, ожидалось=4204 kB; lsn=0/1EF62C8, lsn redo=0/1EF6270
2024-12-19 17:55:56.762 MSK [12648] СООБЩЕНИЕ:  начата контрольная точка: time
2024-12-19 17:55:58.622 MSK [12648] СООБЩЕНИЕ:  контрольная точка завершена: записано буферов: 18 (0.1%); добавлено файлов WAL 0, удалено: 0, переработано: 0; запись=1.842 сек., синхр.=0.011 сек., всего=1.861 сек.; синхронизировано_файлов=14, самая_долгая_синхр.=0.004 сек., средняя=0.001 сек.; расстояние=4 kB, ожидалось=3784 kB; lsn=0/1EF7388, lsn redo=0/1EF72F8
2024-12-19 18:10:53.327 MSK [18560] РћРЁРР‘РљРђ:  РѕС€РёР±РєР° СЃРёРЅС‚Р°РєСЃРёСЃР° (РїСЂРёРјРµСЂРЅРѕРµ РїРѕР»РѕР¶РµРЅРёРµ: "1") (СЃРёРјРІРѕР» 22)
2024-12-19 18:10:53.327 MSK [18560] РћРџР•Р РђРўРћР :  insert into rentals (1, 4, '2024-01-01', '2024-01-03');
2024-12-19 18:15:56.671 MSK [12648] СООБЩЕНИЕ:  начата контрольная точка: time
2024-12-19 18:15:58.104 MSK [12648] СООБЩЕНИЕ:  контрольная точка завершена: записано буферов: 14 (0.1%); добавлено файлов WAL 0, удалено: 0, переработано: 0; запись=1.410 сек., синхр.=0.012 сек., всего=1.433 сек.; синхронизировано_файлов=12, самая_долгая_синхр.=0.004 сек., средняя=0.001 сек.; расстояние=3 kB, ожидалось=3406 kB; lsn=0/1EF8278, lsn redo=0/1EF8220
2024-12-19 19:40:31.997 MSK [1900] РћРЁРР‘РљРђ:  РїСЂРѕС†РµРґСѓСЂР° add_client(unknown, unknown, unknown) РЅРµ СЃСѓС‰РµСЃС‚РІСѓРµС‚ (СЃРёРјРІРѕР» 6)
2024-12-19 19:40:31.997 MSK [1900] РџРћР”РЎРљРђР—РљРђ:  РџСЂРѕС†РµРґСѓСЂР° СЃ РґР°РЅРЅС‹РјРё РёРјРµРЅРµРј Рё С‚РёРїР°РјРё Р°СЂРіСѓРјРµРЅС‚РѕРІ РЅРµ РЅР°Р№РґРµРЅР°. Р’РѕР·РјРѕР¶РЅРѕ, РІР°Рј СЃР»РµРґСѓРµС‚ РґРѕР±Р°РІРёС‚СЊ СЏРІРЅС‹Рµ РїСЂРёРІРµРґРµРЅРёСЏ С‚РёРїРѕРІ.
2024-12-19 19:40:31.997 MSK [1900] РћРџР•Р РђРўРћР :  CALL add_client('ANTON', 'KUZNETSOV@mail.ru', '89202882828');
2024-12-19 19:43:07.337 MSK [21900] РћРЁРР‘РљРђ:  РїСЂРѕС†РµРґСѓСЂР° add_client(unknown, unknown, unknown) РЅРµ СЃСѓС‰РµСЃС‚РІСѓРµС‚ (СЃРёРјРІРѕР» 6)
2024-12-19 19:43:07.337 MSK [21900] РџРћР”РЎРљРђР—РљРђ:  РџСЂРѕС†РµРґСѓСЂР° СЃ РґР°РЅРЅС‹РјРё РёРјРµРЅРµРј Рё С‚РёРїР°РјРё Р°СЂРіСѓРјРµРЅС‚РѕРІ РЅРµ РЅР°Р№РґРµРЅР°. Р’РѕР·РјРѕР¶РЅРѕ, РІР°Рј СЃР»РµРґСѓРµС‚ РґРѕР±Р°РІРёС‚СЊ СЏРІРЅС‹Рµ РїСЂРёРІРµРґРµРЅРёСЏ С‚РёРїРѕРІ.
2024-12-19 19:43:07.337 MSK [21900] РћРџР•Р РђРўРћР :  CALL add_client('ANTON', 'KUZNETSOV@mail.ru', 'jhgf');
2024-12-19 19:43:22.516 MSK [16184] РћРЁРР‘РљРђ:  РїСЂРѕС†РµРґСѓСЂР° add_client(unknown, unknown, unknown) РЅРµ СЃСѓС‰РµСЃС‚РІСѓРµС‚ (СЃРёРјРІРѕР» 6)
2024-12-19 19:43:22.516 MSK [16184] РџРћР”РЎРљРђР—РљРђ:  РџСЂРѕС†РµРґСѓСЂР° СЃ РґР°РЅРЅС‹РјРё РёРјРµРЅРµРј Рё С‚РёРїР°РјРё Р°СЂРіСѓРјРµРЅС‚РѕРІ РЅРµ РЅР°Р№РґРµРЅР°. Р’РѕР·РјРѕР¶РЅРѕ, РІР°Рј СЃР»РµРґСѓРµС‚ РґРѕР±Р°РІРёС‚СЊ СЏРІРЅС‹Рµ РїСЂРёРІРµРґРµРЅРёСЏ С‚РёРїРѕРІ.
2024-12-19 19:43:22.516 MSK [16184] РћРџР•Р РђРўРћР :  CALL add_client('ANTON', 'KUZNETSOV', 'jhgf');
2024-12-19 19:46:41.918 MSK [5476] РћРЁРР‘РљРђ:  "add_client(unknown, unknown, unknown)" вЂ” РЅРµ РїСЂРѕС†РµРґСѓСЂР° (СЃРёРјРІРѕР» 6)
2024-12-19 19:46:41.918 MSK [5476] РџРћР”РЎРљРђР—РљРђ:  Р”Р»СЏ РІС‹Р·РѕРІР° С„СѓРЅРєС†РёРё РёСЃРїРѕР»СЊР·СѓР№С‚Рµ SELECT.
2024-12-19 19:46:41.918 MSK [5476] РћРџР•Р РђРўРћР :  CALL add_client('ANTON', 'KUZNETSOV@mail.ru', '89200282828');
2024-12-19 19:47:06.133 MSK [12648] СООБЩЕНИЕ:  начата контрольная точка: time
2024-12-19 19:47:07.243 MSK [12648] СООБЩЕНИЕ:  контрольная точка завершена: записано буферов: 11 (0.1%); добавлено файлов WAL 0, удалено: 0, переработано: 0; запись=1.080 сек., синхр.=0.013 сек., всего=1.111 сек.; синхронизировано_файлов=8, самая_долгая_синхр.=0.006 сек., средняя=0.002 сек.; расстояние=40 kB, ожидалось=3069 kB; lsn=0/1F025D8, lsn redo=0/1F02580
2024-12-19 19:48:06.849 MSK [18560] РћРЁРР‘РљРђ:  РѕС‚РЅРѕС€РµРЅРёРµ "client" РЅРµ СЃСѓС‰РµСЃС‚РІСѓРµС‚ (СЃРёРјРІРѕР» 15)
2024-12-19 19:48:06.849 MSK [18560] РћРџР•Р РђРўРћР :  select * from client;
2024-12-19 19:52:06.257 MSK [12648] СООБЩЕНИЕ:  начата контрольная точка: time
2024-12-19 19:52:06.721 MSK [12648] СООБЩЕНИЕ:  контрольная точка завершена: записано буферов: 5 (0.0%); добавлено файлов WAL 0, удалено: 0, переработано: 0; запись=0.433 сек., синхр.=0.012 сек., всего=0.464 сек.; синхронизировано_файлов=5, самая_долгая_синхр.=0.007 сек., средняя=0.003 сек.; расстояние=1 kB, ожидалось=2762 kB; lsn=0/1F02C70, lsn redo=0/1F02C18
2024-12-19 20:18:43.661 MSK [21176] ВАЖНО:  пользователь "shopkeeper" не прошёл проверку подлинности (по паролю)
2024-12-19 20:18:43.661 MSK [21176] ПОДРОБНОСТИ:  Роль "shopkeeper" не существует.
	Подключение соответствует строке 117 в "C:/Program Files/PostgreSQL/17/data/pg_hba.conf": "host    all             all             ::1/128                 scram-sha-256"
2024-12-19 20:20:06.831 MSK [15700] РћРЁРР‘РљРђ:  "delete_row(unknown, unknown)" вЂ” РЅРµ РїСЂРѕС†РµРґСѓСЂР° (СЃРёРјРІРѕР» 6)
2024-12-19 20:20:06.831 MSK [15700] РџРћР”РЎРљРђР—РљРђ:  Р”Р»СЏ РІС‹Р·РѕРІР° С„СѓРЅРєС†РёРё РёСЃРїРѕР»СЊР·СѓР№С‚Рµ SELECT.
2024-12-19 20:20:06.831 MSK [15700] РћРџР•Р РђРўРћР :  CALL delete_row('clients', 'client_id = 6');
2024-12-19 20:22:06.778 MSK [12648] СООБЩЕНИЕ:  начата контрольная точка: time
2024-12-19 20:22:09.520 MSK [12648] СООБЩЕНИЕ:  контрольная точка завершена: записано буферов: 26 (0.2%); добавлено файлов WAL 0, удалено: 0, переработано: 0; запись=2.698 сек., синхр.=0.025 сек., всего=2.742 сек.; синхронизировано_файлов=18, самая_долгая_синхр.=0.007 сек., средняя=0.002 сек.; расстояние=109 kB, ожидалось=2497 kB; lsn=0/1F1E2F0, lsn redo=0/1F1E298
2024-12-19 20:32:06.537 MSK [12648] СООБЩЕНИЕ:  начата контрольная точка: time
2024-12-19 20:32:08.080 MSK [12648] СООБЩЕНИЕ:  контрольная точка завершена: записано буферов: 14 (0.1%); добавлено файлов WAL 0, удалено: 0, переработано: 0; запись=1.519 сек., синхр.=0.005 сек., всего=1.544 сек.; синхронизировано_файлов=6, самая_долгая_синхр.=0.002 сек., средняя=0.001 сек.; расстояние=20 kB, ожидалось=2249 kB; lsn=0/1F23690, lsn redo=0/1F23638
2024-12-19 21:06:43.892 MSK [22344] РћРЁРР‘РљРђ:  РЅРµС‚ РґРѕСЃС‚СѓРїР° Рє С‚Р°Р±Р»РёС†Рµ clients
2024-12-19 21:06:43.892 MSK [22344] РљРћРќРўР•РљРЎРў:  SQL-РѕРїРµСЂР°С‚РѕСЂ: "UPDATE clients SET client_id = '2' WHERE client_id = 1"
	С„СѓРЅРєС†РёСЏ PL/pgSQL update_row(text,text,text,text), СЃС‚СЂРѕРєР° 3, РѕРїРµСЂР°С‚РѕСЂ EXECUTE
2024-12-19 21:06:43.892 MSK [22344] РћРџР•Р РђРўРћР :  SELECT update_row('clients', 'client_id', '2', 'client_id = 1');
2024-12-19 21:07:06.137 MSK [12648] СООБЩЕНИЕ:  начата контрольная точка: time
2024-12-19 21:07:06.923 MSK [12648] СООБЩЕНИЕ:  контрольная точка завершена: записано буферов: 7 (0.0%); добавлено файлов WAL 0, удалено: 0, переработано: 0; запись=0.759 сек., синхр.=0.010 сек., всего=0.787 сек.; синхронизировано_файлов=5, самая_долгая_синхр.=0.006 сек., средняя=0.002 сек.; расстояние=7 kB, ожидалось=2025 kB; lsn=0/1F25650, lsn redo=0/1F255F8
2024-12-19 21:07:21.691 MSK [10724] РћРЁРР‘РљРђ:  РЅРµС‚ РґРѕСЃС‚СѓРїР° Рє С‚Р°Р±Р»РёС†Рµ clients
2024-12-19 21:07:21.691 MSK [10724] РљРћРќРўР•РљРЎРў:  SQL-РѕРїРµСЂР°С‚РѕСЂ: "UPDATE clients SET name = 'РђРЅС‚РѕРЅ РРІР°РЅРћРІ' WHERE client_id = 1"
	С„СѓРЅРєС†РёСЏ PL/pgSQL update_row(text,text,text,text), СЃС‚СЂРѕРєР° 3, РѕРїРµСЂР°С‚РѕСЂ EXECUTE
2024-12-19 21:07:21.691 MSK [10724] РћРџР•Р РђРўРћР :  SELECT update_row('clients', 'name', 'РђРЅС‚РѕРЅ РРІР°РЅРћРІ', 'client_id = 1');
2024-12-19 21:12:06.938 MSK [12648] СООБЩЕНИЕ:  начата контрольная точка: time
2024-12-19 21:12:07.183 MSK [12648] СООБЩЕНИЕ:  контрольная точка завершена: записано буферов: 3 (0.0%); добавлено файлов WAL 0, удалено: 0, переработано: 0; запись=0.215 сек., синхр.=0.009 сек., всего=0.245 сек.; синхронизировано_файлов=3, самая_долгая_синхр.=0.006 сек., средняя=0.003 сек.; расстояние=8 kB, ожидалось=1824 kB; lsn=0/1F27988, lsn redo=0/1F27930
2024-12-19 21:15:57.562 MSK [3568] РћРЁРР‘РљРђ:  СЃС‚РѕР»Р±РµС† "game_id" РЅРµ СЃСѓС‰РµСЃС‚РІСѓРµС‚ (СЃРёРјРІРѕР» 41)
2024-12-19 21:15:57.562 MSK [3568] Р—РђРџР РћРЎ:  UPDATE clients SET name = 'govno' WHERE game_id = 2
2024-12-19 21:15:57.562 MSK [3568] РљРћРќРўР•РљРЎРў:  С„СѓРЅРєС†РёСЏ PL/pgSQL update_row(text,text,text,text), СЃС‚СЂРѕРєР° 3, РѕРїРµСЂР°С‚РѕСЂ EXECUTE
2024-12-19 21:15:57.562 MSK [3568] РћРџР•Р РђРўРћР :  SELECT update_row('clients', 'name', 'govno', 'game_id = 2');
2024-12-19 21:16:19.543 MSK [1608] РћРЁРР‘РљРђ:  РЅРµС‚ РґРѕСЃС‚СѓРїР° Рє С‚Р°Р±Р»РёС†Рµ games
2024-12-19 21:16:19.543 MSK [1608] РљРћРќРўР•РљРЎРў:  SQL-РѕРїРµСЂР°С‚РѕСЂ: "UPDATE games SET title = 'govno' WHERE game_id = 2"
	С„СѓРЅРєС†РёСЏ PL/pgSQL update_row(text,text,text,text), СЃС‚СЂРѕРєР° 3, РѕРїРµСЂР°С‚РѕСЂ EXECUTE
2024-12-19 21:16:19.543 MSK [1608] РћРџР•Р РђРўРћР :  SELECT update_row('games', 'title', 'govno', 'game_id = 2');
2024-12-19 21:17:06.184 MSK [12648] СООБЩЕНИЕ:  начата контрольная точка: time
2024-12-19 21:17:06.314 MSK [12648] СООБЩЕНИЕ:  контрольная точка завершена: записано буферов: 2 (0.0%); добавлено файлов WAL 0, удалено: 0, переработано: 0; запись=0.107 сек., синхр.=0.004 сек., всего=0.131 сек.; синхронизировано_файлов=2, самая_долгая_синхр.=0.003 сек., средняя=0.002 сек.; расстояние=4 kB, ожидалось=1642 kB; lsn=0/1F28B30, lsn redo=0/1F28AD8
2024-12-19 21:17:13.558 MSK [7516] РћРЁРР‘РљРђ:  СЃС‚РѕР»Р±РµС† "title" РІ С‚Р°Р±Р»РёС†Рµ "clients" РЅРµ СЃСѓС‰РµСЃС‚РІСѓРµС‚ (СЃРёРјРІРѕР» 20)
2024-12-19 21:17:13.558 MSK [7516] Р—РђРџР РћРЎ:  UPDATE clients SET title = 'govno' WHERE client_id = 1
2024-12-19 21:17:13.558 MSK [7516] РљРћРќРўР•РљРЎРў:  С„СѓРЅРєС†РёСЏ PL/pgSQL update_row(text,text,text,text), СЃС‚СЂРѕРєР° 3, РѕРїРµСЂР°С‚РѕСЂ EXECUTE
2024-12-19 21:17:13.558 MSK [7516] РћРџР•Р РђРўРћР :  SELECT update_row('clients', 'title', 'govno', 'client_id = 1');
2024-12-19 21:53:23.684 MSK [12648] СООБЩЕНИЕ:  начата контрольная точка: time
2024-12-19 21:53:23.816 MSK [12648] СООБЩЕНИЕ:  контрольная точка завершена: записано буферов: 2 (0.0%); добавлено файлов WAL 0, удалено: 0, переработано: 0; запись=0.107 сек., синхр.=0.004 сек., всего=0.132 сек.; синхронизировано_файлов=2, самая_долгая_синхр.=0.003 сек., средняя=0.002 сек.; расстояние=1 kB, ожидалось=1478 kB; lsn=0/1F28FF0, lsn redo=0/1F28F98
2024-12-19 21:55:35.550 MSK [16544] РћРЁРР‘РљРђ:  РЅРµРІРµСЂРЅС‹Р№ СЃРёРЅС‚Р°РєСЃРёСЃ РґР»СЏ С‚РёРїР° date: "govno" (СЃРёРјРІРѕР» 31)
2024-12-19 21:55:35.550 MSK [16544] Р—РђРџР РћРЎ:  UPDATE rentals SET end_date = 'govno' WHERE rental_id = 1
2024-12-19 21:55:35.550 MSK [16544] РљРћРќРўР•РљРЎРў:  С„СѓРЅРєС†РёСЏ PL/pgSQL update_row(text,text,text,text), СЃС‚СЂРѕРєР° 3, РѕРїРµСЂР°С‚РѕСЂ EXECUTE
2024-12-19 21:55:35.550 MSK [16544] РћРџР•Р РђРўРћР :  SELECT update_row('rentals', 'end_date', 'govno', 'rental_id = 1');
2024-12-19 21:58:23.819 MSK [12648] СООБЩЕНИЕ:  начата контрольная точка: time
2024-12-19 21:58:24.668 MSK [12648] СООБЩЕНИЕ:  контрольная точка завершена: записано буферов: 8 (0.0%); добавлено файлов WAL 0, удалено: 0, переработано: 0; запись=0.816 сек., синхр.=0.015 сек., всего=0.850 сек.; синхронизировано_файлов=8, самая_долгая_синхр.=0.006 сек., средняя=0.002 сек.; расстояние=11 kB, ожидалось=1331 kB; lsn=0/1F2BDC0, lsn redo=0/1F2BD68
2024-12-19 22:03:23.680 MSK [12648] СООБЩЕНИЕ:  начата контрольная точка: time
2024-12-19 22:03:24.033 MSK [12648] СООБЩЕНИЕ:  контрольная точка завершена: записано буферов: 4 (0.0%); добавлено файлов WAL 0, удалено: 0, переработано: 0; запись=0.329 сек., синхр.=0.010 сек., всего=0.353 сек.; синхронизировано_файлов=4, самая_долгая_синхр.=0.005 сек., средняя=0.003 сек.; расстояние=8 kB, ожидалось=1199 kB; lsn=0/1F2E160, lsn redo=0/1F2E0D0
2024-12-19 22:38:23.093 MSK [12648] СООБЩЕНИЕ:  начата контрольная точка: time
2024-12-19 22:38:24.417 MSK [12648] СООБЩЕНИЕ:  контрольная точка завершена: записано буферов: 13 (0.1%); добавлено файлов WAL 0, удалено: 0, переработано: 0; запись=1.295 сек., синхр.=0.011 сек., всего=1.325 сек.; синхронизировано_файлов=12, самая_долгая_синхр.=0.002 сек., средняя=0.001 сек.; расстояние=40 kB, ожидалось=1083 kB; lsn=0/1F38330, lsn redo=0/1F382D8
2024-12-19 23:01:07.418 MSK [7944] РћРЁРР‘РљРђ:  "add_client_and_user(unknown, unknown, unknown, unknown)" вЂ” РЅРµ РїСЂРѕС†РµРґСѓСЂР° (СЃРёРјРІРѕР» 6)
2024-12-19 23:01:07.418 MSK [7944] РџРћР”РЎРљРђР—РљРђ:  Р”Р»СЏ РІС‹Р·РѕРІР° С„СѓРЅРєС†РёРё РёСЃРїРѕР»СЊР·СѓР№С‚Рµ SELECT.
2024-12-19 23:01:07.418 MSK [7944] РћРџР•Р РђРўРћР :  CALL add_client_and_user('vika', 'vikavasila', '89200472288', 'respek');
2024-12-19 23:01:59.272 MSK [10212] РћРЁРР‘РљРђ:  РЅРµС‚ РґРѕСЃС‚СѓРїР° Рє РїРѕСЃР»РµРґРѕРІР°С‚РµР»СЊРЅРѕСЃС‚Рё clients_client_id_seq
2024-12-19 23:01:59.272 MSK [10212] РљРћРќРўР•РљРЎРў:  SQL-РѕРїРµСЂР°С‚РѕСЂ: "INSERT INTO Clients (name, email, phone)
	    VALUES (client_name, client_email, client_phone)"
	С„СѓРЅРєС†РёСЏ PL/pgSQL add_client_and_user(text,text,text,text), СЃС‚СЂРѕРєР° 4, РѕРїРµСЂР°С‚РѕСЂ SQL-РѕРїРµСЂР°С‚РѕСЂ
2024-12-19 23:01:59.272 MSK [10212] РћРџР•Р РђРўРћР :  SELECT add_client_and_user('vika', 'vikavasila', '228', 'respek');
2024-12-19 23:03:01.450 MSK [17668] РћРЁРР‘РљРђ:  РЅРµС‚ РґРѕСЃС‚СѓРїР° Рє РїРѕСЃР»РµРґРѕРІР°С‚РµР»СЊРЅРѕСЃС‚Рё clients_client_id_seq
2024-12-19 23:03:01.450 MSK [17668] РљРћРќРўР•РљРЎРў:  SQL-РѕРїРµСЂР°С‚РѕСЂ: "INSERT INTO Clients (name, email, phone)
	    VALUES (client_name, client_email, client_phone)"
	С„СѓРЅРєС†РёСЏ PL/pgSQL add_client_and_user(text,text,text,text), СЃС‚СЂРѕРєР° 4, РѕРїРµСЂР°С‚РѕСЂ SQL-РѕРїРµСЂР°С‚РѕСЂ
2024-12-19 23:03:01.450 MSK [17668] РћРџР•Р РђРўРћР :  SELECT add_client_and_user('vika', 'vikavasila', '228', 'respek');
2024-12-19 23:03:23.457 MSK [12648] СООБЩЕНИЕ:  начата контрольная точка: time
2024-12-19 23:03:23.914 MSK [12648] СООБЩЕНИЕ:  контрольная точка завершена: записано буферов: 4 (0.0%); добавлено файлов WAL 0, удалено: 0, переработано: 0; запись=0.436 сек., синхр.=0.007 сек., всего=0.458 сек.; синхронизировано_файлов=3, самая_долгая_синхр.=0.005 сек., средняя=0.003 сек.; расстояние=7 kB, ожидалось=975 kB; lsn=0/1F3A030, lsn redo=0/1F39FC0
2024-12-19 23:06:06.444 MSK [1196] РћРЁРР‘РљРђ:  РЅРµС‚ РїСЂР°РІ РґР»СЏ СЃРѕР·РґР°РЅРёСЏ СЂРѕР»Рё
2024-12-19 23:06:06.444 MSK [1196] РџРћР”Р РћР‘РќРћРЎРўР:  РЎРѕР·РґР°РІР°С‚СЊ СЂРѕР»Рё РјРѕРіСѓС‚ С‚РѕР»СЊРєРѕ СЂРѕР»Рё СЃ Р°С‚СЂРёР±СѓС‚РѕРј CREATEROLE.
2024-12-19 23:06:06.444 MSK [1196] РљРћРќРўР•РљРЎРў:  SQL-РѕРїРµСЂР°С‚РѕСЂ: "CREATE USER vikavasila WITH PASSWORD 'respek'"
	С„СѓРЅРєС†РёСЏ PL/pgSQL add_client_and_user(text,text,text,text), СЃС‚СЂРѕРєР° 8, РѕРїРµСЂР°С‚РѕСЂ EXECUTE
2024-12-19 23:06:06.444 MSK [1196] РћРџР•Р РђРўРћР :  SELECT add_client_and_user('vika', 'vikavasila', '228', 'respek');
2024-12-19 23:08:23.930 MSK [12648] СООБЩЕНИЕ:  начата контрольная точка: time
2024-12-19 23:08:24.829 MSK [12648] СООБЩЕНИЕ:  контрольная точка завершена: записано буферов: 9 (0.1%); добавлено файлов WAL 0, удалено: 0, переработано: 0; запись=0.865 сек., синхр.=0.015 сек., всего=0.900 сек.; синхронизировано_файлов=9, самая_долгая_синхр.=0.006 сек., средняя=0.002 сек.; расстояние=8 kB, ожидалось=878 kB; lsn=0/1F3C330, lsn redo=0/1F3C2D8
2024-12-19 23:09:58.128 MSK [22644] РџР Р•Р”РЈРџР Р•Р–Р”Р•РќРР•:  РґР»СЏ РѕР±СЉРµРєС‚Р° "rental_store" РЅРµ Р±С‹Р»Рё РЅР°Р·РЅР°С‡РµРЅС‹ РЅРёРєР°РєРёРµ РїСЂР°РІР°
2024-12-19 23:09:58.128 MSK [22644] РљРћРќРўР•РљРЎРў:  SQL-РѕРїРµСЂР°С‚РѕСЂ: "GRANT CONNECT ON DATABASE rental_store TO vikavasila"
	С„СѓРЅРєС†РёСЏ PL/pgSQL add_client_and_user(text,text,text,text), СЃС‚СЂРѕРєР° 11, РѕРїРµСЂР°С‚РѕСЂ EXECUTE
2024-12-19 23:09:58.130 MSK [22644] РџР Р•Р”РЈРџР Р•Р–Р”Р•РќРР•:  РґР»СЏ РѕР±СЉРµРєС‚Р° "clients" РЅРµ Р±С‹Р»Рё РЅР°Р·РЅР°С‡РµРЅС‹ РЅРёРєР°РєРёРµ РїСЂР°РІР°
2024-12-19 23:09:58.130 MSK [22644] РљРћРќРўР•РљРЎРў:  SQL-РѕРїРµСЂР°С‚РѕСЂ: "GRANT SELECT ON ALL TABLES IN SCHEMA public TO vikavasila"
	С„СѓРЅРєС†РёСЏ PL/pgSQL add_client_and_user(text,text,text,text), СЃС‚СЂРѕРєР° 12, РѕРїРµСЂР°С‚РѕСЂ EXECUTE
2024-12-19 23:09:58.131 MSK [22644] РџР Р•Р”РЈРџР Р•Р–Р”Р•РќРР•:  РґР»СЏ РѕР±СЉРµРєС‚Р° "rentals" РЅРµ Р±С‹Р»Рё РЅР°Р·РЅР°С‡РµРЅС‹ РЅРёРєР°РєРёРµ РїСЂР°РІР°
2024-12-19 23:09:58.131 MSK [22644] РљРћРќРўР•РљРЎРў:  SQL-РѕРїРµСЂР°С‚РѕСЂ: "GRANT SELECT ON ALL TABLES IN SCHEMA public TO vikavasila"
	С„СѓРЅРєС†РёСЏ PL/pgSQL add_client_and_user(text,text,text,text), СЃС‚СЂРѕРєР° 12, РѕРїРµСЂР°С‚РѕСЂ EXECUTE
2024-12-19 23:09:58.131 MSK [22644] РџР Р•Р”РЈРџР Р•Р–Р”Р•РќРР•:  РґР»СЏ РѕР±СЉРµРєС‚Р° "games" РЅРµ Р±С‹Р»Рё РЅР°Р·РЅР°С‡РµРЅС‹ РЅРёРєР°РєРёРµ РїСЂР°РІР°
2024-12-19 23:09:58.131 MSK [22644] РљРћРќРўР•РљРЎРў:  SQL-РѕРїРµСЂР°С‚РѕСЂ: "GRANT SELECT ON ALL TABLES IN SCHEMA public TO vikavasila"
	С„СѓРЅРєС†РёСЏ PL/pgSQL add_client_and_user(text,text,text,text), СЃС‚СЂРѕРєР° 12, РѕРїРµСЂР°С‚РѕСЂ EXECUTE
2024-12-19 23:09:58.131 MSK [22644] РџР Р•Р”РЈРџР Р•Р–Р”Р•РќРР•:  РґР»СЏ РѕР±СЉРµРєС‚Р° "discounts" РЅРµ Р±С‹Р»Рё РЅР°Р·РЅР°С‡РµРЅС‹ РЅРёРєР°РєРёРµ РїСЂР°РІР°
2024-12-19 23:09:58.131 MSK [22644] РљРћРќРўР•РљРЎРў:  SQL-РѕРїРµСЂР°С‚РѕСЂ: "GRANT SELECT ON ALL TABLES IN SCHEMA public TO vikavasila"
	С„СѓРЅРєС†РёСЏ PL/pgSQL add_client_and_user(text,text,text,text), СЃС‚СЂРѕРєР° 12, РѕРїРµСЂР°С‚РѕСЂ EXECUTE
2024-12-19 23:09:58.131 MSK [22644] РћРЁРР‘РљРђ:  РѕС€РёР±РєР° СЃРёРЅС‚Р°РєСЃРёСЃР° (РїСЂРёРјРµСЂРЅРѕРµ РїРѕР»РѕР¶РµРЅРёРµ: "IN") (СЃРёРјРІРѕР» 25)
2024-12-19 23:09:58.131 MSK [22644] Р—РђРџР РћРЎ:  GRANT INSERT ON rentals IN SCHEMA public TO vikavasila
2024-12-19 23:09:58.131 MSK [22644] РљРћРќРўР•РљРЎРў:  С„СѓРЅРєС†РёСЏ PL/pgSQL add_client_and_user(text,text,text,text), СЃС‚СЂРѕРєР° 13, РѕРїРµСЂР°С‚РѕСЂ EXECUTE
2024-12-19 23:09:58.131 MSK [22644] РћРџР•Р РђРўРћР :  SELECT add_client_and_user('vika', 'vikavasila', '228', 'respek');
2024-12-19 23:13:23.843 MSK [12648] СООБЩЕНИЕ:  начата контрольная точка: time
2024-12-19 23:13:25.501 MSK [12648] СООБЩЕНИЕ:  контрольная точка завершена: записано буферов: 16 (0.1%); добавлено файлов WAL 0, удалено: 0, переработано: 0; запись=1.625 сек., синхр.=0.020 сек., всего=1.658 сек.; синхронизировано_файлов=16, самая_долгая_синхр.=0.006 сек., средняя=0.002 сек.; расстояние=14 kB, ожидалось=792 kB; lsn=0/1F3FC18, lsn redo=0/1F3FBC0
2024-12-19 23:15:42.514 MSK [13340] РџР Р•Р”РЈРџР Р•Р–Р”Р•РќРР•:  РґР»СЏ РѕР±СЉРµРєС‚Р° "rental_store" РЅРµ Р±С‹Р»Рё РЅР°Р·РЅР°С‡РµРЅС‹ РЅРёРєР°РєРёРµ РїСЂР°РІР°
2024-12-19 23:15:42.514 MSK [13340] РљРћРќРўР•РљРЎРў:  SQL-РѕРїРµСЂР°С‚РѕСЂ: "GRANT CONNECT ON DATABASE rental_store TO vikavasila"
	С„СѓРЅРєС†РёСЏ PL/pgSQL add_client_and_user(text,text,text,text), СЃС‚СЂРѕРєР° 11, РѕРїРµСЂР°С‚РѕСЂ EXECUTE
2024-12-19 23:15:42.515 MSK [13340] РџР Р•Р”РЈРџР Р•Р–Р”Р•РќРР•:  РґР»СЏ РѕР±СЉРµРєС‚Р° "clients" РЅРµ Р±С‹Р»Рё РЅР°Р·РЅР°С‡РµРЅС‹ РЅРёРєР°РєРёРµ РїСЂР°РІР°
2024-12-19 23:15:42.515 MSK [13340] РљРћРќРўР•РљРЎРў:  SQL-РѕРїРµСЂР°С‚РѕСЂ: "GRANT SELECT ON ALL TABLES IN SCHEMA public TO vikavasila"
	С„СѓРЅРєС†РёСЏ PL/pgSQL add_client_and_user(text,text,text,text), СЃС‚СЂРѕРєР° 12, РѕРїРµСЂР°С‚РѕСЂ EXECUTE
2024-12-19 23:15:42.515 MSK [13340] РџР Р•Р”РЈРџР Р•Р–Р”Р•РќРР•:  РґР»СЏ РѕР±СЉРµРєС‚Р° "rentals" РЅРµ Р±С‹Р»Рё РЅР°Р·РЅР°С‡РµРЅС‹ РЅРёРєР°РєРёРµ РїСЂР°РІР°
2024-12-19 23:15:42.515 MSK [13340] РљРћРќРўР•РљРЎРў:  SQL-РѕРїРµСЂР°С‚РѕСЂ: "GRANT SELECT ON ALL TABLES IN SCHEMA public TO vikavasila"
	С„СѓРЅРєС†РёСЏ PL/pgSQL add_client_and_user(text,text,text,text), СЃС‚СЂРѕРєР° 12, РѕРїРµСЂР°С‚РѕСЂ EXECUTE
2024-12-19 23:15:42.515 MSK [13340] РџР Р•Р”РЈРџР Р•Р–Р”Р•РќРР•:  РґР»СЏ РѕР±СЉРµРєС‚Р° "games" РЅРµ Р±С‹Р»Рё РЅР°Р·РЅР°С‡РµРЅС‹ РЅРёРєР°РєРёРµ РїСЂР°РІР°
2024-12-19 23:15:42.515 MSK [13340] РљРћРќРўР•РљРЎРў:  SQL-РѕРїРµСЂР°С‚РѕСЂ: "GRANT SELECT ON ALL TABLES IN SCHEMA public TO vikavasila"
	С„СѓРЅРєС†РёСЏ PL/pgSQL add_client_and_user(text,text,text,text), СЃС‚СЂРѕРєР° 12, РѕРїРµСЂР°С‚РѕСЂ EXECUTE
2024-12-19 23:15:42.516 MSK [13340] РџР Р•Р”РЈРџР Р•Р–Р”Р•РќРР•:  РґР»СЏ РѕР±СЉРµРєС‚Р° "discounts" РЅРµ Р±С‹Р»Рё РЅР°Р·РЅР°С‡РµРЅС‹ РЅРёРєР°РєРёРµ РїСЂР°РІР°
2024-12-19 23:15:42.516 MSK [13340] РљРћРќРўР•РљРЎРў:  SQL-РѕРїРµСЂР°С‚РѕСЂ: "GRANT SELECT ON ALL TABLES IN SCHEMA public TO vikavasila"
	С„СѓРЅРєС†РёСЏ PL/pgSQL add_client_and_user(text,text,text,text), СЃС‚СЂРѕРєР° 12, РѕРїРµСЂР°С‚РѕСЂ EXECUTE
2024-12-19 23:15:42.516 MSK [13340] РџР Р•Р”РЈРџР Р•Р–Р”Р•РќРР•:  РґР»СЏ РѕР±СЉРµРєС‚Р° "rentals" РЅРµ Р±С‹Р»Рё РЅР°Р·РЅР°С‡РµРЅС‹ РЅРёРєР°РєРёРµ РїСЂР°РІР°
2024-12-19 23:15:42.516 MSK [13340] РљРћРќРўР•РљРЎРў:  SQL-РѕРїРµСЂР°С‚РѕСЂ: "GRANT INSERT ON rentals TO vikavasila"
	С„СѓРЅРєС†РёСЏ PL/pgSQL add_client_and_user(text,text,text,text), СЃС‚СЂРѕРєР° 13, РѕРїРµСЂР°С‚РѕСЂ EXECUTE
2024-12-19 23:15:42.516 MSK [13340] РџР Р•Р”РЈРџР Р•Р–Р”Р•РќРР•:  РґР»СЏ РѕР±СЉРµРєС‚Р° "clients_client_id_seq" РЅРµ Р±С‹Р»Рё РЅР°Р·РЅР°С‡РµРЅС‹ РЅРёРєР°РєРёРµ РїСЂР°РІР°
2024-12-19 23:15:42.516 MSK [13340] РљРћРќРўР•РљРЎРў:  SQL-РѕРїРµСЂР°С‚РѕСЂ: "GRANT USAGE ON ALL SEQUENCES IN SCHEMA public TO vikavasila"
	С„СѓРЅРєС†РёСЏ PL/pgSQL add_client_and_user(text,text,text,text), СЃС‚СЂРѕРєР° 14, РѕРїРµСЂР°С‚РѕСЂ EXECUTE
2024-12-19 23:15:42.524 MSK [13340] РћРЁРР‘РљРђ:  РЅРµС‚ РґРѕСЃС‚СѓРїР° Рє РїРѕСЃР»РµРґРѕРІР°С‚РµР»СЊРЅРѕСЃС‚Рё games_game_id_seq
2024-12-19 23:15:42.524 MSK [13340] РљРћРќРўР•РљРЎРў:  SQL-РѕРїРµСЂР°С‚РѕСЂ: "GRANT USAGE ON ALL SEQUENCES IN SCHEMA public TO vikavasila"
	С„СѓРЅРєС†РёСЏ PL/pgSQL add_client_and_user(text,text,text,text), СЃС‚СЂРѕРєР° 14, РѕРїРµСЂР°С‚РѕСЂ EXECUTE
2024-12-19 23:15:42.524 MSK [13340] РћРџР•Р РђРўРћР :  SELECT add_client_and_user('vika', 'vikavasila', '229', 'respek');
2024-12-19 23:17:07.840 MSK [18560] РћРЁРР‘РљРђ:  РѕС€РёР±РєР° СЃРёРЅС‚Р°РєСЃРёСЃР° (РїСЂРёРјРµСЂРЅРѕРµ РїРѕР»РѕР¶РµРЅРёРµ: "TO") (СЃРёРјРІРѕР» 46)
2024-12-19 23:17:07.840 MSK [18560] РћРџР•Р РђРўРћР :  GRANT USAGE, SELECT, UPDATE ON ALL SEQUENCES TO shopkeeper;
2024-12-19 23:18:02.651 MSK [2212] РџР Р•Р”РЈРџР Р•Р–Р”Р•РќРР•:  РґР»СЏ РѕР±СЉРµРєС‚Р° "rental_store" РЅРµ Р±С‹Р»Рё РЅР°Р·РЅР°С‡РµРЅС‹ РЅРёРєР°РєРёРµ РїСЂР°РІР°
2024-12-19 23:18:02.651 MSK [2212] РљРћРќРўР•РљРЎРў:  SQL-РѕРїРµСЂР°С‚РѕСЂ: "GRANT CONNECT ON DATABASE rental_store TO vikavasila"
	С„СѓРЅРєС†РёСЏ PL/pgSQL add_client_and_user(text,text,text,text), СЃС‚СЂРѕРєР° 11, РѕРїРµСЂР°С‚РѕСЂ EXECUTE
2024-12-19 23:18:02.653 MSK [2212] РџР Р•Р”РЈРџР Р•Р–Р”Р•РќРР•:  РґР»СЏ РѕР±СЉРµРєС‚Р° "clients" РЅРµ Р±С‹Р»Рё РЅР°Р·РЅР°С‡РµРЅС‹ РЅРёРєР°РєРёРµ РїСЂР°РІР°
2024-12-19 23:18:02.653 MSK [2212] РљРћРќРўР•РљРЎРў:  SQL-РѕРїРµСЂР°С‚РѕСЂ: "GRANT SELECT ON ALL TABLES IN SCHEMA public TO vikavasila"
	С„СѓРЅРєС†РёСЏ PL/pgSQL add_client_and_user(text,text,text,text), СЃС‚СЂРѕРєР° 12, РѕРїРµСЂР°С‚РѕСЂ EXECUTE
2024-12-19 23:18:02.653 MSK [2212] РџР Р•Р”РЈРџР Р•Р–Р”Р•РќРР•:  РґР»СЏ РѕР±СЉРµРєС‚Р° "rentals" РЅРµ Р±С‹Р»Рё РЅР°Р·РЅР°С‡РµРЅС‹ РЅРёРєР°РєРёРµ РїСЂР°РІР°
2024-12-19 23:18:02.653 MSK [2212] РљРћРќРўР•РљРЎРў:  SQL-РѕРїРµСЂР°С‚РѕСЂ: "GRANT SELECT ON ALL TABLES IN SCHEMA public TO vikavasila"
	С„СѓРЅРєС†РёСЏ PL/pgSQL add_client_and_user(text,text,text,text), СЃС‚СЂРѕРєР° 12, РѕРїРµСЂР°С‚РѕСЂ EXECUTE
2024-12-19 23:18:02.653 MSK [2212] РџР Р•Р”РЈРџР Р•Р–Р”Р•РќРР•:  РґР»СЏ РѕР±СЉРµРєС‚Р° "games" РЅРµ Р±С‹Р»Рё РЅР°Р·РЅР°С‡РµРЅС‹ РЅРёРєР°РєРёРµ РїСЂР°РІР°
2024-12-19 23:18:02.653 MSK [2212] РљРћРќРўР•РљРЎРў:  SQL-РѕРїРµСЂР°С‚РѕСЂ: "GRANT SELECT ON ALL TABLES IN SCHEMA public TO vikavasila"
	С„СѓРЅРєС†РёСЏ PL/pgSQL add_client_and_user(text,text,text,text), СЃС‚СЂРѕРєР° 12, РѕРїРµСЂР°С‚РѕСЂ EXECUTE
2024-12-19 23:18:02.653 MSK [2212] РџР Р•Р”РЈРџР Р•Р–Р”Р•РќРР•:  РґР»СЏ РѕР±СЉРµРєС‚Р° "discounts" РЅРµ Р±С‹Р»Рё РЅР°Р·РЅР°С‡РµРЅС‹ РЅРёРєР°РєРёРµ РїСЂР°РІР°
2024-12-19 23:18:02.653 MSK [2212] РљРћРќРўР•РљРЎРў:  SQL-РѕРїРµСЂР°С‚РѕСЂ: "GRANT SELECT ON ALL TABLES IN SCHEMA public TO vikavasila"
	С„СѓРЅРєС†РёСЏ PL/pgSQL add_client_and_user(text,text,text,text), СЃС‚СЂРѕРєР° 12, РѕРїРµСЂР°С‚РѕСЂ EXECUTE
2024-12-19 23:18:02.653 MSK [2212] РџР Р•Р”РЈРџР Р•Р–Р”Р•РќРР•:  РґР»СЏ РѕР±СЉРµРєС‚Р° "rentals" РЅРµ Р±С‹Р»Рё РЅР°Р·РЅР°С‡РµРЅС‹ РЅРёРєР°РєРёРµ РїСЂР°РІР°
2024-12-19 23:18:02.653 MSK [2212] РљРћРќРўР•РљРЎРў:  SQL-РѕРїРµСЂР°С‚РѕСЂ: "GRANT INSERT ON rentals TO vikavasila"
	С„СѓРЅРєС†РёСЏ PL/pgSQL add_client_and_user(text,text,text,text), СЃС‚СЂРѕРєР° 13, РѕРїРµСЂР°С‚РѕСЂ EXECUTE
2024-12-19 23:18:02.654 MSK [2212] РџР Р•Р”РЈРџР Р•Р–Р”Р•РќРР•:  РґР»СЏ РѕР±СЉРµРєС‚Р° "clients_client_id_seq" РЅРµ Р±С‹Р»Рё РЅР°Р·РЅР°С‡РµРЅС‹ РЅРёРєР°РєРёРµ РїСЂР°РІР°
2024-12-19 23:18:02.654 MSK [2212] РљРћРќРўР•РљРЎРў:  SQL-РѕРїРµСЂР°С‚РѕСЂ: "GRANT USAGE ON ALL SEQUENCES IN SCHEMA public TO vikavasila"
	С„СѓРЅРєС†РёСЏ PL/pgSQL add_client_and_user(text,text,text,text), СЃС‚СЂРѕРєР° 14, РѕРїРµСЂР°С‚РѕСЂ EXECUTE
2024-12-19 23:18:02.654 MSK [2212] РџР Р•Р”РЈРџР Р•Р–Р”Р•РќРР•:  РґР»СЏ РѕР±СЉРµРєС‚Р° "games_game_id_seq" РЅРµ Р±С‹Р»Рё РЅР°Р·РЅР°С‡РµРЅС‹ РЅРёРєР°РєРёРµ РїСЂР°РІР°
2024-12-19 23:18:02.654 MSK [2212] РљРћРќРўР•РљРЎРў:  SQL-РѕРїРµСЂР°С‚РѕСЂ: "GRANT USAGE ON ALL SEQUENCES IN SCHEMA public TO vikavasila"
	С„СѓРЅРєС†РёСЏ PL/pgSQL add_client_and_user(text,text,text,text), СЃС‚СЂРѕРєР° 14, РѕРїРµСЂР°С‚РѕСЂ EXECUTE
2024-12-19 23:18:02.654 MSK [2212] РџР Р•Р”РЈРџР Р•Р–Р”Р•РќРР•:  РґР»СЏ РѕР±СЉРµРєС‚Р° "rentals_rental_id_seq" РЅРµ Р±С‹Р»Рё РЅР°Р·РЅР°С‡РµРЅС‹ РЅРёРєР°РєРёРµ РїСЂР°РІР°
2024-12-19 23:18:02.654 MSK [2212] РљРћРќРўР•РљРЎРў:  SQL-РѕРїРµСЂР°С‚РѕСЂ: "GRANT USAGE ON ALL SEQUENCES IN SCHEMA public TO vikavasila"
	С„СѓРЅРєС†РёСЏ PL/pgSQL add_client_and_user(text,text,text,text), СЃС‚СЂРѕРєР° 14, РѕРїРµСЂР°С‚РѕСЂ EXECUTE
2024-12-19 23:18:23.507 MSK [12648] СООБЩЕНИЕ:  начата контрольная точка: time
2024-12-19 23:18:26.358 MSK [12648] СООБЩЕНИЕ:  контрольная точка завершена: записано буферов: 27 (0.2%); добавлено файлов WAL 0, удалено: 0, переработано: 0; запись=2.804 сек., синхр.=0.030 сек., всего=2.852 сек.; синхронизировано_файлов=26, самая_долгая_синхр.=0.007 сек., средняя=0.002 сек.; расстояние=54 kB, ожидалось=718 kB; lsn=0/1F4D7D0, lsn redo=0/1F4D778
2024-12-20 01:27:55.981 MSK [18560] РћРЁРР‘РљРђ:  РѕС€РёР±РєР° СЃРёРЅС‚Р°РєСЃРёСЃР° (РїСЂРёРјРµСЂРЅРѕРµ РїРѕР»РѕР¶РµРЅРёРµ: "РІ") (СЃРёРјРІРѕР» 1)
2024-12-20 01:27:55.981 MSK [18560] РћРџР•Р РђРўРћР :  РІ
	CREATE OR REPLACE FUNCTION clear_table(table_name TEXT)
	RETURNS VOID AS $$
	BEGIN
	    EXECUTE format('TRUNCATE TABLE %I RESTART IDENTITY CASCADE', table_name);
	END;
	$$ LANGUAGE plpgsql;
2024-12-20 01:30:45.350 MSK [12648] СООБЩЕНИЕ:  начата контрольная точка: time
2024-12-20 01:30:46.238 MSK [12648] СООБЩЕНИЕ:  контрольная точка завершена: записано буферов: 9 (0.1%); добавлено файлов WAL 0, удалено: 0, переработано: 0; запись=0.865 сек., синхр.=0.011 сек., всего=0.890 сек.; синхронизировано_файлов=9, самая_долгая_синхр.=0.004 сек., средняя=0.002 сек.; расстояние=29 kB, ожидалось=649 kB; lsn=0/1F54BE0, lsn redo=0/1F54B88
2024-12-20 01:35:45.239 MSK [12648] СООБЩЕНИЕ:  начата контрольная точка: time
2024-12-20 01:35:45.910 MSK [12648] СООБЩЕНИЕ:  контрольная точка завершена: записано буферов: 7 (0.0%); добавлено файлов WAL 0, удалено: 0, переработано: 0; запись=0.646 сек., синхр.=0.011 сек., всего=0.672 сек.; синхронизировано_файлов=7, самая_долгая_синхр.=0.004 сек., средняя=0.002 сек.; расстояние=29 kB, ожидалось=587 kB; lsn=0/1F5C2E8, lsn redo=0/1F5C290
2024-12-20 02:00:45.944 MSK [12648] СООБЩЕНИЕ:  начата контрольная точка: time
2024-12-20 02:00:46.595 MSK [12648] СООБЩЕНИЕ:  контрольная точка завершена: записано буферов: 7 (0.0%); добавлено файлов WAL 0, удалено: 0, переработано: 0; запись=0.639 сек., синхр.=0.006 сек., всего=0.652 сек.; синхронизировано_файлов=7, самая_долгая_синхр.=0.003 сек., средняя=0.001 сек.; расстояние=30 kB, ожидалось=532 kB; lsn=0/1F63CD8, lsn redo=0/1F63C80
2024-12-20 02:05:45.610 MSK [12648] СООБЩЕНИЕ:  начата контрольная точка: time
2024-12-20 02:05:46.927 MSK [12648] СООБЩЕНИЕ:  контрольная точка завершена: записано буферов: 13 (0.1%); добавлено файлов WAL 0, удалено: 0, переработано: 0; запись=1.293 сек., синхр.=0.012 сек., всего=1.318 сек.; синхронизировано_файлов=11, самая_долгая_синхр.=0.004 сек., средняя=0.002 сек.; расстояние=45 kB, ожидалось=483 kB; lsn=0/1F6F108, lsn redo=0/1F6F0B0
2024-12-20 02:07:44.253 MSK [2680] РћРЁРР‘РљРђ:  РЅРµС‚ РґРѕСЃС‚СѓРїР° Рє С‚Р°Р±Р»РёС†Рµ clients
2024-12-20 02:07:44.253 MSK [2680] РљРћРќРўР•РљРЎРў:  SQL-РѕРїРµСЂР°С‚РѕСЂ: "TRUNCATE TABLE clients RESTART IDENTITY CASCADE"
	С„СѓРЅРєС†РёСЏ PL/pgSQL clear_all_tables(), СЃС‚СЂРѕРєР° 10, РѕРїРµСЂР°С‚РѕСЂ EXECUTE
2024-12-20 02:07:44.253 MSK [2680] РћРџР•Р РђРўРћР :  SELECT clear_all_tables();
