2024-12-18 21:00:07.849 MSK [21760] СООБЩЕНИЕ:  работа системы БД была прервана; последний момент работы: 2024-12-18 21:00:00 MSK
2024-12-18 21:00:08.292 MSK [21760] СООБЩЕНИЕ:  система БД была остановлена нештатно; производится автоматическое восстановление
2024-12-18 21:00:08.295 MSK [21760] СООБЩЕНИЕ:  неверная длина записи в позиции 0/1A65158: ожидалось минимум 24, получено 0
2024-12-18 21:00:08.295 MSK [21760] СООБЩЕНИЕ:  данные REDO не требуются
2024-12-18 21:00:08.300 MSK [5024] СООБЩЕНИЕ:  начата контрольная точка: end-of-recovery immediate wait
2024-12-18 21:00:08.311 MSK [5024] СООБЩЕНИЕ:  контрольная точка завершена: записано буферов: 3 (0.0%); добавлено файлов WAL 0, удалено: 0, переработано: 0; запись=0.003 сек., синхр.=0.003 сек., всего=0.014 сек.; синхронизировано_файлов=2, самая_долгая_синхр.=0.002 сек., средняя=0.002 сек.; расстояние=0 kB, ожидалось=0 kB; lsn=0/1A65158, lsn redo=0/1A65158
2024-12-18 21:00:11.257 MSK [15160] СООБЩЕНИЕ:  работа системы БД была прервана; последний момент работы: 2024-12-18 21:00:08 MSK
2024-12-18 21:00:11.701 MSK [15160] СООБЩЕНИЕ:  система БД была остановлена нештатно; производится автоматическое восстановление
2024-12-18 21:00:11.705 MSK [15160] СООБЩЕНИЕ:  неверная длина записи в позиции 0/1A651D0: ожидалось минимум 24, получено 0
2024-12-18 21:00:11.705 MSK [15160] СООБЩЕНИЕ:  данные REDO не требуются
2024-12-18 21:00:11.710 MSK [3320] СООБЩЕНИЕ:  начата контрольная точка: end-of-recovery immediate wait
2024-12-18 21:00:11.723 MSK [3320] СООБЩЕНИЕ:  контрольная точка завершена: записано буферов: 3 (0.0%); добавлено файлов WAL 0, удалено: 0, переработано: 0; запись=0.003 сек., синхр.=0.003 сек., всего=0.016 сек.; синхронизировано_файлов=2, самая_долгая_синхр.=0.002 сек., средняя=0.002 сек.; расстояние=0 kB, ожидалось=0 kB; lsn=0/1A651D0, lsn redo=0/1A651D0
2024-12-18 21:00:14.224 MSK [9432] СООБЩЕНИЕ:  работа системы БД была прервана; последний момент работы: 2024-12-18 21:00:11 MSK
2024-12-18 21:00:14.639 MSK [9432] СООБЩЕНИЕ:  система БД была остановлена нештатно; производится автоматическое восстановление
2024-12-18 21:00:14.642 MSK [9432] СООБЩЕНИЕ:  неверная длина записи в позиции 0/1A65248: ожидалось минимум 24, получено 0
2024-12-18 21:00:14.642 MSK [9432] СООБЩЕНИЕ:  данные REDO не требуются
2024-12-18 21:00:14.648 MSK [17540] СООБЩЕНИЕ:  начата контрольная точка: end-of-recovery immediate wait
2024-12-18 21:00:14.659 MSK [17540] СООБЩЕНИЕ:  контрольная точка завершена: записано буферов: 3 (0.0%); добавлено файлов WAL 0, удалено: 0, переработано: 0; запись=0.004 сек., синхр.=0.002 сек., всего=0.014 сек.; синхронизировано_файлов=2, самая_долгая_синхр.=0.001 сек., средняя=0.001 сек.; расстояние=0 kB, ожидалось=0 kB; lsn=0/1A65248, lsn redo=0/1A65248
2024-12-18 21:00:43.819 MSK [22760] СООБЩЕНИЕ:  работа системы БД была прервана; последний момент работы: 2024-12-18 21:00:14 MSK
2024-12-18 21:00:44.279 MSK [22760] СООБЩЕНИЕ:  система БД была остановлена нештатно; производится автоматическое восстановление
2024-12-18 21:00:44.282 MSK [22760] СООБЩЕНИЕ:  запись REDO начинается со смещения 0/1A652C0
2024-12-18 21:00:44.282 MSK [22760] СООБЩЕНИЕ:  неверная длина записи в позиции 0/1A652F8: ожидалось минимум 24, получено 0
2024-12-18 21:00:44.282 MSK [22760] СООБЩЕНИЕ:  записи REDO обработаны до смещения 0/1A652C0, нагрузка системы: CPU: пользов.: 0.00 с, система: 0.00 с, прошло: 0.00 с
2024-12-18 21:00:44.289 MSK [12892] СООБЩЕНИЕ:  начата контрольная точка: end-of-recovery immediate wait
2024-12-18 21:00:44.300 MSK [12892] СООБЩЕНИЕ:  контрольная точка завершена: записано буферов: 3 (0.0%); добавлено файлов WAL 0, удалено: 0, переработано: 0; запись=0.003 сек., синхр.=0.002 сек., всего=0.015 сек.; синхронизировано_файлов=2, самая_долгая_синхр.=0.001 сек., средняя=0.001 сек.; расстояние=0 kB, ожидалось=0 kB; lsn=0/1A652F8, lsn redo=0/1A652F8
2024-12-18 21:00:46.378 MSK [12388] СООБЩЕНИЕ:  работа системы БД была прервана; последний момент работы: 2024-12-18 21:00:44 MSK
2024-12-18 21:00:46.843 MSK [12388] СООБЩЕНИЕ:  система БД была остановлена нештатно; производится автоматическое восстановление
2024-12-18 21:00:46.846 MSK [12388] СООБЩЕНИЕ:  неверная длина записи в позиции 0/1A65370: ожидалось минимум 24, получено 0
2024-12-18 21:00:46.847 MSK [12388] СООБЩЕНИЕ:  данные REDO не требуются
2024-12-18 21:00:46.854 MSK [5432] СООБЩЕНИЕ:  начата контрольная точка: end-of-recovery immediate wait
2024-12-18 21:00:46.865 MSK [5432] СООБЩЕНИЕ:  контрольная точка завершена: записано буферов: 3 (0.0%); добавлено файлов WAL 0, удалено: 0, переработано: 0; запись=0.003 сек., синхр.=0.002 сек., всего=0.016 сек.; синхронизировано_файлов=2, самая_долгая_синхр.=0.001 сек., средняя=0.001 сек.; расстояние=0 kB, ожидалось=0 kB; lsn=0/1A65370, lsn redo=0/1A65370
2024-12-18 21:00:49.517 MSK [9924] СООБЩЕНИЕ:  работа системы БД была прервана; последний момент работы: 2024-12-18 21:00:46 MSK
2024-12-18 21:00:49.933 MSK [9924] СООБЩЕНИЕ:  система БД была остановлена нештатно; производится автоматическое восстановление
2024-12-18 21:00:49.937 MSK [9924] СООБЩЕНИЕ:  неверная длина записи в позиции 0/1A653E8: ожидалось минимум 24, получено 0
2024-12-18 21:00:49.937 MSK [9924] СООБЩЕНИЕ:  данные REDO не требуются
2024-12-18 21:00:49.942 MSK [19212] СООБЩЕНИЕ:  начата контрольная точка: end-of-recovery immediate wait
2024-12-18 21:00:49.954 MSK [19212] СООБЩЕНИЕ:  контрольная точка завершена: записано буферов: 3 (0.0%); добавлено файлов WAL 0, удалено: 0, переработано: 0; запись=0.003 сек., синхр.=0.002 сек., всего=0.015 сек.; синхронизировано_файлов=2, самая_долгая_синхр.=0.002 сек., средняя=0.001 сек.; расстояние=0 kB, ожидалось=0 kB; lsn=0/1A653E8, lsn redo=0/1A653E8
2024-12-18 21:00:52.642 MSK [13632] СООБЩЕНИЕ:  работа системы БД была прервана; последний момент работы: 2024-12-18 21:00:49 MSK
2024-12-18 21:00:53.084 MSK [13632] СООБЩЕНИЕ:  система БД была остановлена нештатно; производится автоматическое восстановление
2024-12-18 21:00:53.087 MSK [13632] СООБЩЕНИЕ:  неверная длина записи в позиции 0/1A65460: ожидалось минимум 24, получено 0
2024-12-18 21:00:53.087 MSK [13632] СООБЩЕНИЕ:  данные REDO не требуются
2024-12-18 21:00:53.093 MSK [9256] СООБЩЕНИЕ:  начата контрольная точка: end-of-recovery immediate wait
2024-12-18 21:00:53.103 MSK [9256] СООБЩЕНИЕ:  контрольная точка завершена: записано буферов: 3 (0.0%); добавлено файлов WAL 0, удалено: 0, переработано: 0; запись=0.003 сек., синхр.=0.002 сек., всего=0.013 сек.; синхронизировано_файлов=2, самая_долгая_синхр.=0.001 сек., средняя=0.001 сек.; расстояние=0 kB, ожидалось=0 kB; lsn=0/1A65460, lsn redo=0/1A65460
