2024-12-18 21:01:16.608 MSK [22044] СООБЩЕНИЕ:  работа системы БД была прервана; последний момент работы: 2024-12-18 21:01:09 MSK
2024-12-18 21:01:17.047 MSK [22044] СООБЩЕНИЕ:  система БД была остановлена нештатно; производится автоматическое восстановление
2024-12-18 21:01:17.050 MSK [22044] СООБЩЕНИЕ:  неверная длина записи в позиции 0/1A65588: ожидалось минимум 24, получено 0
2024-12-18 21:01:17.050 MSK [22044] СООБЩЕНИЕ:  данные REDO не требуются
2024-12-18 21:01:17.058 MSK [23016] СООБЩЕНИЕ:  начата контрольная точка: end-of-recovery immediate wait
2024-12-18 21:01:17.068 MSK [23016] СООБЩЕНИЕ:  контрольная точка завершена: записано буферов: 3 (0.0%); добавлено файлов WAL 0, удалено: 0, переработано: 0; запись=0.003 сек., синхр.=0.002 сек., всего=0.014 сек.; синхронизировано_файлов=2, самая_долгая_синхр.=0.002 сек., средняя=0.001 сек.; расстояние=0 kB, ожидалось=0 kB; lsn=0/1A65588, lsn redo=0/1A65588
2024-12-18 21:01:22.093 MSK [18412] СООБЩЕНИЕ:  работа системы БД была прервана; последний момент работы: 2024-12-18 21:01:17 MSK
2024-12-18 21:01:22.561 MSK [18412] СООБЩЕНИЕ:  система БД была остановлена нештатно; производится автоматическое восстановление
2024-12-18 21:01:22.565 MSK [18412] СООБЩЕНИЕ:  неверная длина записи в позиции 0/1A65600: ожидалось минимум 24, получено 0
2024-12-18 21:01:22.565 MSK [18412] СООБЩЕНИЕ:  данные REDO не требуются
2024-12-18 21:01:22.570 MSK [18768] СООБЩЕНИЕ:  начата контрольная точка: end-of-recovery immediate wait
2024-12-18 21:01:22.581 MSK [18768] СООБЩЕНИЕ:  контрольная точка завершена: записано буферов: 3 (0.0%); добавлено файлов WAL 0, удалено: 0, переработано: 0; запись=0.003 сек., синхр.=0.002 сек., всего=0.014 сек.; синхронизировано_файлов=2, самая_долгая_синхр.=0.001 сек., средняя=0.001 сек.; расстояние=0 kB, ожидалось=0 kB; lsn=0/1A65600, lsn redo=0/1A65600
2024-12-18 21:01:24.919 MSK [8180] СООБЩЕНИЕ:  работа системы БД была прервана; последний момент работы: 2024-12-18 21:01:22 MSK
2024-12-18 21:01:25.360 MSK [8180] СООБЩЕНИЕ:  система БД была остановлена нештатно; производится автоматическое восстановление
2024-12-18 21:01:25.364 MSK [8180] СООБЩЕНИЕ:  неверная длина записи в позиции 0/1A65678: ожидалось минимум 24, получено 0
2024-12-18 21:01:25.364 MSK [8180] СООБЩЕНИЕ:  данные REDO не требуются
2024-12-18 21:01:25.370 MSK [8284] СООБЩЕНИЕ:  начата контрольная точка: end-of-recovery immediate wait
2024-12-18 21:01:25.382 MSK [8284] СООБЩЕНИЕ:  контрольная точка завершена: записано буферов: 3 (0.0%); добавлено файлов WAL 0, удалено: 0, переработано: 0; запись=0.003 сек., синхр.=0.002 сек., всего=0.015 сек.; синхронизировано_файлов=2, самая_долгая_синхр.=0.001 сек., средняя=0.001 сек.; расстояние=0 kB, ожидалось=0 kB; lsn=0/1A65678, lsn redo=0/1A65678
2024-12-18 21:01:27.658 MSK [13568] СООБЩЕНИЕ:  работа системы БД была прервана; последний момент работы: 2024-12-18 21:01:25 MSK
2024-12-18 21:01:28.108 MSK [13568] СООБЩЕНИЕ:  система БД была остановлена нештатно; производится автоматическое восстановление
2024-12-18 21:01:28.111 MSK [13568] СООБЩЕНИЕ:  неверная длина записи в позиции 0/1A656F0: ожидалось минимум 24, получено 0
2024-12-18 21:01:28.111 MSK [13568] СООБЩЕНИЕ:  данные REDO не требуются
2024-12-18 21:01:28.116 MSK [13912] СООБЩЕНИЕ:  начата контрольная точка: end-of-recovery immediate wait
2024-12-18 21:01:28.129 MSK [13912] СООБЩЕНИЕ:  контрольная точка завершена: записано буферов: 3 (0.0%); добавлено файлов WAL 0, удалено: 0, переработано: 0; запись=0.004 сек., синхр.=0.003 сек., всего=0.015 сек.; синхронизировано_файлов=2, самая_долгая_синхр.=0.002 сек., средняя=0.002 сек.; расстояние=0 kB, ожидалось=0 kB; lsn=0/1A656F0, lsn redo=0/1A656F0
